CRITICAL - 2021-05-18 01:19:05 --> syntax error, unexpected 'if' (T_IF)
#0 C:\xampp\htdocs\coo\system\CodeIgniter.php(392): CodeIgniter\CodeIgniter->tryToRouteIt(NULL)
#1 C:\xampp\htdocs\coo\system\CodeIgniter.php(339): CodeIgniter\CodeIgniter->handleRequest(NULL, Object(Config\Cache), false)
#2 C:\xampp\htdocs\coo\public\index.php(36): CodeIgniter\CodeIgniter->run()
#3 {main}
CRITICAL - 2021-05-18 01:19:09 --> syntax error, unexpected 'if' (T_IF)
#0 C:\xampp\htdocs\coo\system\CodeIgniter.php(392): CodeIgniter\CodeIgniter->tryToRouteIt(NULL)
#1 C:\xampp\htdocs\coo\system\CodeIgniter.php(339): CodeIgniter\CodeIgniter->handleRequest(NULL, Object(Config\Cache), false)
#2 C:\xampp\htdocs\coo\public\index.php(36): CodeIgniter\CodeIgniter->run()
#3 {main}
CRITICAL - 2021-05-18 01:19:09 --> syntax error, unexpected 'if' (T_IF)
#0 C:\xampp\htdocs\coo\system\CodeIgniter.php(392): CodeIgniter\CodeIgniter->tryToRouteIt(NULL)
#1 C:\xampp\htdocs\coo\system\CodeIgniter.php(339): CodeIgniter\CodeIgniter->handleRequest(NULL, Object(Config\Cache), false)
#2 C:\xampp\htdocs\coo\public\index.php(36): CodeIgniter\CodeIgniter->run()
#3 {main}
CRITICAL - 2021-05-18 01:19:17 --> syntax error, unexpected 'if' (T_IF)
#0 C:\xampp\htdocs\coo\system\CodeIgniter.php(392): CodeIgniter\CodeIgniter->tryToRouteIt(NULL)
#1 C:\xampp\htdocs\coo\system\CodeIgniter.php(339): CodeIgniter\CodeIgniter->handleRequest(NULL, Object(Config\Cache), false)
#2 C:\xampp\htdocs\coo\public\index.php(36): CodeIgniter\CodeIgniter->run()
#3 {main}
CRITICAL - 2021-05-18 01:19:31 --> Invalid file: NovelaLigera.php
#0 C:\xampp\htdocs\coo\system\View\View.php(213): CodeIgniter\Exceptions\FrameworkException::forInvalidFile('NovelaLigera.ph...')
#1 C:\xampp\htdocs\coo\system\Common.php(1250): CodeIgniter\View\View->render('NovelaLigera', Array, true)
#2 C:\xampp\htdocs\coo\app\Controllers\Home.php(17): view('NovelaLigera')
#3 C:\xampp\htdocs\coo\system\CodeIgniter.php(931): App\Controllers\Home->novelaLigera()
#4 C:\xampp\htdocs\coo\system\CodeIgniter.php(439): CodeIgniter\CodeIgniter->runController(Object(App\Controllers\Home))
#5 C:\xampp\htdocs\coo\system\CodeIgniter.php(339): CodeIgniter\CodeIgniter->handleRequest(NULL, Object(Config\Cache), false)
#6 C:\xampp\htdocs\coo\public\index.php(36): CodeIgniter\CodeIgniter->run()
#7 {main}
CRITICAL - 2021-05-18 01:20:00 --> Invalid file: NovelaLigera.php
#0 C:\xampp\htdocs\coo\system\View\View.php(213): CodeIgniter\Exceptions\FrameworkException::forInvalidFile('NovelaLigera.ph...')
#1 C:\xampp\htdocs\coo\system\Common.php(1250): CodeIgniter\View\View->render('NovelaLigera', Array, true)
#2 C:\xampp\htdocs\coo\app\Controllers\Home.php(17): view('NovelaLigera')
#3 C:\xampp\htdocs\coo\system\CodeIgniter.php(931): App\Controllers\Home->novelaLigera()
#4 C:\xampp\htdocs\coo\system\CodeIgniter.php(439): CodeIgniter\CodeIgniter->runController(Object(App\Controllers\Home))
#5 C:\xampp\htdocs\coo\system\CodeIgniter.php(339): CodeIgniter\CodeIgniter->handleRequest(NULL, Object(Config\Cache), false)
#6 C:\xampp\htdocs\coo\public\index.php(36): CodeIgniter\CodeIgniter->run()
#7 {main}
CRITICAL - 2021-05-18 01:20:10 --> Invalid file: NovelaLigera.php
#0 C:\xampp\htdocs\coo\system\View\View.php(213): CodeIgniter\Exceptions\FrameworkException::forInvalidFile('NovelaLigera.ph...')
#1 C:\xampp\htdocs\coo\system\Common.php(1250): CodeIgniter\View\View->render('NovelaLigera', Array, true)
#2 C:\xampp\htdocs\coo\app\Controllers\Home.php(17): view('NovelaLigera')
#3 C:\xampp\htdocs\coo\system\CodeIgniter.php(931): App\Controllers\Home->novelaLigera()
#4 C:\xampp\htdocs\coo\system\CodeIgniter.php(439): CodeIgniter\CodeIgniter->runController(Object(App\Controllers\Home))
#5 C:\xampp\htdocs\coo\system\CodeIgniter.php(339): CodeIgniter\CodeIgniter->handleRequest(NULL, Object(Config\Cache), false)
#6 C:\xampp\htdocs\coo\public\index.php(36): CodeIgniter\CodeIgniter->run()
#7 {main}
CRITICAL - 2021-05-18 01:22:04 --> Call to undefined function baseUrl()
#0 C:\xampp\htdocs\coo\system\View\View.php(230): include()
#1 C:\xampp\htdocs\coo\system\View\View.php(232): CodeIgniter\View\View->CodeIgniter\View\{closure}()
#2 C:\xampp\htdocs\coo\system\Common.php(1250): CodeIgniter\View\View->render('Manga', Array, true)
#3 C:\xampp\htdocs\coo\app\Controllers\Home.php(13): view('Manga')
#4 C:\xampp\htdocs\coo\system\CodeIgniter.php(931): App\Controllers\Home->manga()
#5 C:\xampp\htdocs\coo\system\CodeIgniter.php(439): CodeIgniter\CodeIgniter->runController(Object(App\Controllers\Home))
#6 C:\xampp\htdocs\coo\system\CodeIgniter.php(339): CodeIgniter\CodeIgniter->handleRequest(NULL, Object(Config\Cache), false)
#7 C:\xampp\htdocs\coo\public\index.php(36): CodeIgniter\CodeIgniter->run()
#8 {main}
CRITICAL - 2021-05-18 01:22:06 --> Call to undefined function baseUrl()
#0 C:\xampp\htdocs\coo\system\View\View.php(230): include()
#1 C:\xampp\htdocs\coo\system\View\View.php(232): CodeIgniter\View\View->CodeIgniter\View\{closure}()
#2 C:\xampp\htdocs\coo\system\Common.php(1250): CodeIgniter\View\View->render('Manga', Array, true)
#3 C:\xampp\htdocs\coo\app\Controllers\Home.php(13): view('Manga')
#4 C:\xampp\htdocs\coo\system\CodeIgniter.php(931): App\Controllers\Home->manga()
#5 C:\xampp\htdocs\coo\system\CodeIgniter.php(439): CodeIgniter\CodeIgniter->runController(Object(App\Controllers\Home))
#6 C:\xampp\htdocs\coo\system\CodeIgniter.php(339): CodeIgniter\CodeIgniter->handleRequest(NULL, Object(Config\Cache), false)
#7 C:\xampp\htdocs\coo\public\index.php(36): CodeIgniter\CodeIgniter->run()
#8 {main}
CRITICAL - 2021-05-18 01:27:57 --> syntax error, unexpected ''fichaManga);' (T_ENCAPSED_AND_WHITESPACE)
#0 C:\xampp\htdocs\coo\system\Autoloader\Autoloader.php(282): CodeIgniter\Autoloader\Autoloader->includeFile('C:\\xampp\\htdocs...')
#1 C:\xampp\htdocs\coo\system\Autoloader\Autoloader.php(247): CodeIgniter\Autoloader\Autoloader->loadInNamespace('App\\Controllers...')
#2 [internal function]: CodeIgniter\Autoloader\Autoloader->loadClass('App\\Controllers...')
#3 [internal function]: spl_autoload_call('App\\Controllers...')
#4 C:\xampp\htdocs\coo\system\CodeIgniter.php(888): class_exists('\\App\\Controller...', true)
#5 C:\xampp\htdocs\coo\system\CodeIgniter.php(424): CodeIgniter\CodeIgniter->startController()
#6 C:\xampp\htdocs\coo\system\CodeIgniter.php(339): CodeIgniter\CodeIgniter->handleRequest(NULL, Object(Config\Cache), false)
#7 C:\xampp\htdocs\coo\public\index.php(36): CodeIgniter\CodeIgniter->run()
#8 {main}
CRITICAL - 2021-05-18 01:27:59 --> syntax error, unexpected ''fichaManga);' (T_ENCAPSED_AND_WHITESPACE)
#0 C:\xampp\htdocs\coo\system\Autoloader\Autoloader.php(282): CodeIgniter\Autoloader\Autoloader->includeFile('C:\\xampp\\htdocs...')
#1 C:\xampp\htdocs\coo\system\Autoloader\Autoloader.php(247): CodeIgniter\Autoloader\Autoloader->loadInNamespace('App\\Controllers...')
#2 [internal function]: CodeIgniter\Autoloader\Autoloader->loadClass('App\\Controllers...')
#3 [internal function]: spl_autoload_call('App\\Controllers...')
#4 C:\xampp\htdocs\coo\system\CodeIgniter.php(888): class_exists('\\App\\Controller...', true)
#5 C:\xampp\htdocs\coo\system\CodeIgniter.php(424): CodeIgniter\CodeIgniter->startController()
#6 C:\xampp\htdocs\coo\system\CodeIgniter.php(339): CodeIgniter\CodeIgniter->handleRequest(NULL, Object(Config\Cache), false)
#7 C:\xampp\htdocs\coo\public\index.php(36): CodeIgniter\CodeIgniter->run()
#8 {main}
CRITICAL - 2021-05-18 01:28:08 --> syntax error, unexpected ''fichaManga);' (T_ENCAPSED_AND_WHITESPACE)
#0 C:\xampp\htdocs\coo\system\Autoloader\Autoloader.php(282): CodeIgniter\Autoloader\Autoloader->includeFile('C:\\xampp\\htdocs...')
#1 C:\xampp\htdocs\coo\system\Autoloader\Autoloader.php(247): CodeIgniter\Autoloader\Autoloader->loadInNamespace('App\\Controllers...')
#2 [internal function]: CodeIgniter\Autoloader\Autoloader->loadClass('App\\Controllers...')
#3 [internal function]: spl_autoload_call('App\\Controllers...')
#4 C:\xampp\htdocs\coo\system\CodeIgniter.php(888): class_exists('\\App\\Controller...', true)
#5 C:\xampp\htdocs\coo\system\CodeIgniter.php(424): CodeIgniter\CodeIgniter->startController()
#6 C:\xampp\htdocs\coo\system\CodeIgniter.php(339): CodeIgniter\CodeIgniter->handleRequest(NULL, Object(Config\Cache), false)
#7 C:\xampp\htdocs\coo\public\index.php(36): CodeIgniter\CodeIgniter->run()
#8 {main}
CRITICAL - 2021-05-18 01:34:31 --> Call to undefined function siteUrl()
#0 C:\xampp\htdocs\coo\system\View\View.php(230): include()
#1 C:\xampp\htdocs\coo\system\View\View.php(232): CodeIgniter\View\View->CodeIgniter\View\{closure}()
#2 C:\xampp\htdocs\coo\system\Common.php(1250): CodeIgniter\View\View->render('fichaManga', Array, true)
#3 C:\xampp\htdocs\coo\app\Controllers\Home.php(25): view('fichaManga')
#4 C:\xampp\htdocs\coo\system\CodeIgniter.php(931): App\Controllers\Home->fichaManga()
#5 C:\xampp\htdocs\coo\system\CodeIgniter.php(439): CodeIgniter\CodeIgniter->runController(Object(App\Controllers\Home))
#6 C:\xampp\htdocs\coo\system\CodeIgniter.php(339): CodeIgniter\CodeIgniter->handleRequest(NULL, Object(Config\Cache), false)
#7 C:\xampp\htdocs\coo\public\index.php(36): CodeIgniter\CodeIgniter->run()
#8 {main}
CRITICAL - 2021-05-18 03:01:01 --> Call to undefined function url()
#0 C:\xampp\htdocs\coo\system\View\View.php(230): include()
#1 C:\xampp\htdocs\coo\system\View\View.php(232): CodeIgniter\View\View->CodeIgniter\View\{closure}()
#2 C:\xampp\htdocs\coo\system\Common.php(1250): CodeIgniter\View\View->render('capManga', Array, true)
#3 C:\xampp\htdocs\coo\app\Controllers\Home.php(29): view('capManga')
#4 C:\xampp\htdocs\coo\system\CodeIgniter.php(931): App\Controllers\Home->capManga()
#5 C:\xampp\htdocs\coo\system\CodeIgniter.php(439): CodeIgniter\CodeIgniter->runController(Object(App\Controllers\Home))
#6 C:\xampp\htdocs\coo\system\CodeIgniter.php(339): CodeIgniter\CodeIgniter->handleRequest(NULL, Object(Config\Cache), false)
#7 C:\xampp\htdocs\coo\public\index.php(36): CodeIgniter\CodeIgniter->run()
#8 {main}
CRITICAL - 2021-05-18 03:01:03 --> Call to undefined function url()
#0 C:\xampp\htdocs\coo\system\View\View.php(230): include()
#1 C:\xampp\htdocs\coo\system\View\View.php(232): CodeIgniter\View\View->CodeIgniter\View\{closure}()
#2 C:\xampp\htdocs\coo\system\Common.php(1250): CodeIgniter\View\View->render('capManga', Array, true)
#3 C:\xampp\htdocs\coo\app\Controllers\Home.php(29): view('capManga')
#4 C:\xampp\htdocs\coo\system\CodeIgniter.php(931): App\Controllers\Home->capManga()
#5 C:\xampp\htdocs\coo\system\CodeIgniter.php(439): CodeIgniter\CodeIgniter->runController(Object(App\Controllers\Home))
#6 C:\xampp\htdocs\coo\system\CodeIgniter.php(339): CodeIgniter\CodeIgniter->handleRequest(NULL, Object(Config\Cache), false)
#7 C:\xampp\htdocs\coo\public\index.php(36): CodeIgniter\CodeIgniter->run()
#8 {main}
CRITICAL - 2021-05-18 03:01:11 --> Call to undefined function baseurl()
#0 C:\xampp\htdocs\coo\system\View\View.php(230): include()
#1 C:\xampp\htdocs\coo\system\View\View.php(232): CodeIgniter\View\View->CodeIgniter\View\{closure}()
#2 C:\xampp\htdocs\coo\system\Common.php(1250): CodeIgniter\View\View->render('capManga', Array, true)
#3 C:\xampp\htdocs\coo\app\Controllers\Home.php(29): view('capManga')
#4 C:\xampp\htdocs\coo\system\CodeIgniter.php(931): App\Controllers\Home->capManga()
#5 C:\xampp\htdocs\coo\system\CodeIgniter.php(439): CodeIgniter\CodeIgniter->runController(Object(App\Controllers\Home))
#6 C:\xampp\htdocs\coo\system\CodeIgniter.php(339): CodeIgniter\CodeIgniter->handleRequest(NULL, Object(Config\Cache), false)
#7 C:\xampp\htdocs\coo\public\index.php(36): CodeIgniter\CodeIgniter->run()
#8 {main}
CRITICAL - 2021-05-18 03:02:34 --> Call to undefined function baseUrl()
#0 C:\xampp\htdocs\coo\system\View\View.php(230): include()
#1 C:\xampp\htdocs\coo\system\View\View.php(232): CodeIgniter\View\View->CodeIgniter\View\{closure}()
#2 C:\xampp\htdocs\coo\system\Common.php(1250): CodeIgniter\View\View->render('capManga', Array, true)
#3 C:\xampp\htdocs\coo\app\Controllers\Home.php(29): view('capManga')
#4 C:\xampp\htdocs\coo\system\CodeIgniter.php(931): App\Controllers\Home->capManga()
#5 C:\xampp\htdocs\coo\system\CodeIgniter.php(439): CodeIgniter\CodeIgniter->runController(Object(App\Controllers\Home))
#6 C:\xampp\htdocs\coo\system\CodeIgniter.php(339): CodeIgniter\CodeIgniter->handleRequest(NULL, Object(Config\Cache), false)
#7 C:\xampp\htdocs\coo\public\index.php(36): CodeIgniter\CodeIgniter->run()
#8 {main}
CRITICAL - 2021-05-18 03:02:35 --> Call to undefined function baseUrl()
#0 C:\xampp\htdocs\coo\system\View\View.php(230): include()
#1 C:\xampp\htdocs\coo\system\View\View.php(232): CodeIgniter\View\View->CodeIgniter\View\{closure}()
#2 C:\xampp\htdocs\coo\system\Common.php(1250): CodeIgniter\View\View->render('capManga', Array, true)
#3 C:\xampp\htdocs\coo\app\Controllers\Home.php(29): view('capManga')
#4 C:\xampp\htdocs\coo\system\CodeIgniter.php(931): App\Controllers\Home->capManga()
#5 C:\xampp\htdocs\coo\system\CodeIgniter.php(439): CodeIgniter\CodeIgniter->runController(Object(App\Controllers\Home))
#6 C:\xampp\htdocs\coo\system\CodeIgniter.php(339): CodeIgniter\CodeIgniter->handleRequest(NULL, Object(Config\Cache), false)
#7 C:\xampp\htdocs\coo\public\index.php(36): CodeIgniter\CodeIgniter->run()
#8 {main}
